<?xml version="1.0" encoding="UTF-8"?>
<!-- Generated by org.testng.reporters.JUnitReportReporter -->
<testsuite hostname="Deepikas-MacBook-Air.local" failures="0" tests="3" name="parallel.MultiBrowserTesting" time="1.734" errors="0" timestamp="2024-08-01T17:30:55 PDT" skipped="0">
  <testcase classname="parallel.MultiBrowserTesting" name="test" time="0.336"/>
  <testcase classname="parallel.MultiBrowserTesting" name="test" time="1.062"/>
  <testcase classname="parallel.MultiBrowserTesting" name="test" time="0.336"/>
</testsuite> <!-- parallel.MultiBrowserTesting -->
