<?xml version="1.0" encoding="UTF-8"?>
<!-- Generated by org.testng.reporters.JUnitReportReporter -->
<testsuite hostname="Deepikas-MacBook-Air.local" failures="0" tests="5" name="grouping.GroupingTest" time="0.004" errors="0" timestamp="2024-08-02T15:29:31 PDT" skipped="0">
  <testcase classname="grouping.GroupingTest" name="test4" time="0.000"/>
  <testcase classname="grouping.GroupingTest" name="test2" time="0.001"/>
  <testcase classname="grouping.GroupingTest" name="test3" time="0.000"/>
  <testcase classname="grouping.GroupingTest" name="test1" time="0.003"/>
  <testcase classname="grouping.GroupingTest" name="test5" time="0.000"/>
</testsuite> <!-- grouping.GroupingTest -->
