<?xml version="1.0" encoding="UTF-8"?>
<!-- Generated by org.testng.reporters.JUnitReportReporter -->
<testsuite hostname="Deepikas-MacBook-Air.local" failures="0" tests="2" name="dataprovider.DataProviderTest" time="10.443" errors="0" timestamp="2024-08-01T13:20:09 PDT" skipped="0">
  <testcase classname="dataprovider.DataProviderTest" name="login2" time="5.274"/>
  <testcase classname="dataprovider.DataProviderTest" name="login1" time="5.169"/>
</testsuite> <!-- dataprovider.DataProviderTest -->
