<?xml version="1.0" encoding="UTF-8"?>
<!-- Generated by org.testng.reporters.JUnitReportReporter -->
<testsuite hostname="Deepikas-MacBook-Air.local" failures="0" tests="3" name="parallel.ParallelTesting" time="10.911" errors="0" timestamp="2024-08-02T06:01:29 PDT" skipped="0">
  <testcase classname="parallel.ParallelTesting" name="Test3" time="0.000"/>
  <testcase classname="parallel.ParallelTesting" name="Test1" time="4.720"/>
  <testcase classname="parallel.ParallelTesting" name="Test2" time="6.191"/>
</testsuite> <!-- parallel.ParallelTesting -->
