<?xml version="1.0" encoding="UTF-8"?>
<!-- Generated by org.testng.reporters.JUnitReportReporter -->
<testsuite hostname="Deepikas-MacBook-Air.local" failures="0" tests="3" name="parallel.MultiBrowserParallelTesting" time="3.101" errors="0" timestamp="2024-08-02T06:02:19 PDT" skipped="0">
  <testcase classname="parallel.MultiBrowserParallelTesting" name="test" time="0.340"/>
  <testcase classname="parallel.MultiBrowserParallelTesting" name="test" time="0.970"/>
  <testcase classname="parallel.MultiBrowserParallelTesting" name="test" time="1.791"/>
</testsuite> <!-- parallel.MultiBrowserParallelTesting -->
