<?xml version="1.0" encoding="UTF-8"?>
<!-- Generated by org.testng.reporters.JUnitReportReporter -->
<testsuite hostname="Deepikas-MacBook-Air.local" failures="0" tests="4" name="dependencies.DependencyTest" time="0.003" errors="0" timestamp="2024-08-02T16:05:27 PDT" skipped="0">
  <testcase classname="dependencies.DependencyTest" name="test3" time="0.002"/>
  <testcase classname="dependencies.DependencyTest" name="test4" time="0.001"/>
  <testcase classname="dependencies.DependencyTest" name="test1" time="0.000"/>
  <testcase classname="dependencies.DependencyTest" name="test2" time="0.000"/>
</testsuite> <!-- dependencies.DependencyTest -->
